<?xml version="1.0" encoding="UTF-8"?>
<!-- Generated by org.testng.reporters.JUnitReportReporter -->
<testsuite hostname="CAW184029" failures="0" tests="1" name="com.w2a.testcases.LoginTest" time="1.217" errors="0" timestamp="2021-11-16T15:26:38 EST" skipped="0">
  <testcase classname="com.w2a.testcases.LoginTest" name="loginAsBankManager" time="1.217"/>
  <system-out/>
</testsuite> <!-- com.w2a.testcases.LoginTest -->
